Using pre-set license
Built from '2021.3/staging' branch; Version is '2021.3.15f1 (e8e88683f834) revision 15263878'; Using compiler version '192829333'; Build Type 'Release'
OS: 'Windows 10  (10.0.19045) 64bit Professional' Language: 'en' Physical Memory: 32630 MB
BatchMode: 1, IsHumanControllingUs: 0, StartBugReporterOnCrash: 0, Is64bit: 1, IsPro: 1

COMMAND LINE ARGUMENTS:
C:\Program Files\Unity\Hub\Editor\2021.3.15f1\Editor\Unity.exe
-adb2
-batchMode
-noUpm
-name
AssetImportWorker15
-projectPath
D:/Projects/UnityFinishedSmallGames/Game #2/Medival-Game/Medival Game
-logFile
Logs/AssetImportWorker15.log
-srvPort
51042
Successfully changed project path to: D:/Projects/UnityFinishedSmallGames/Game #2/Medival-Game/Medival Game
D:/Projects/UnityFinishedSmallGames/Game #2/Medival-Game/Medival Game
[UnityMemory] Configuration Parameters - Can be set up in boot.config
    "memorysetup-bucket-allocator-granularity=16"
    "memorysetup-bucket-allocator-bucket-count=8"
    "memorysetup-bucket-allocator-block-size=33554432"
    "memorysetup-bucket-allocator-block-count=8"
    "memorysetup-main-allocator-block-size=16777216"
    "memorysetup-thread-allocator-block-size=16777216"
    "memorysetup-gfx-main-allocator-block-size=16777216"
    "memorysetup-gfx-thread-allocator-block-size=16777216"
    "memorysetup-cache-allocator-block-size=4194304"
    "memorysetup-typetree-allocator-block-size=2097152"
    "memorysetup-profiler-bucket-allocator-granularity=16"
    "memorysetup-profiler-bucket-allocator-bucket-count=8"
    "memorysetup-profiler-bucket-allocator-block-size=33554432"
    "memorysetup-profiler-bucket-allocator-block-count=8"
    "memorysetup-profiler-allocator-block-size=16777216"
    "memorysetup-profiler-editor-allocator-block-size=1048576"
    "memorysetup-temp-allocator-size-main=16777216"
    "memorysetup-job-temp-allocator-block-size=2097152"
    "memorysetup-job-temp-allocator-block-size-background=1048576"
    "memorysetup-job-temp-allocator-reduction-small-platforms=262144"
    "memorysetup-temp-allocator-size-background-worker=32768"
    "memorysetup-temp-allocator-size-job-worker=262144"
    "memorysetup-temp-allocator-size-preload-manager=33554432"
    "memorysetup-temp-allocator-size-nav-mesh-worker=65536"
    "memorysetup-temp-allocator-size-audio-worker=65536"
    "memorysetup-temp-allocator-size-cloud-worker=32768"
    "memorysetup-temp-allocator-size-gi-baking-worker=262144"
    "memorysetup-temp-allocator-size-gfx=262144"
Player connection [9152] Host "[IP] 10.0.0.130 [Port] 0 [Flags] 2 [Guid] 3115282276 [EditorId] 3115282276 [Version] 1048832 [Id] WindowsEditor(7,Tobi) [Debug] 1 [PackageName] WindowsEditor [ProjectName] Editor" joined multi-casting on [225.0.0.222:54997]...

Player connection [9152] Host "[IP] 10.0.0.130 [Port] 0 [Flags] 2 [Guid] 3115282276 [EditorId] 3115282276 [Version] 1048832 [Id] WindowsEditor(7,Tobi) [Debug] 1 [PackageName] WindowsEditor [ProjectName] Editor" joined alternative multi-casting on [225.0.0.222:34997]...

Refreshing native plugins compatible for Editor in 115.79 ms, found 3 plugins.
Preloading 0 native plugins for Editor in 0.00 ms.
Initialize engine version: 2021.3.15f1 (e8e88683f834)
[Subsystems] Discovering subsystems at path C:/Program Files/Unity/Hub/Editor/2021.3.15f1/Editor/Data/Resources/UnitySubsystems
[Subsystems] Discovering subsystems at path D:/Projects/UnityFinishedSmallGames/Game #2/Medival-Game/Medival Game/Assets
GfxDevice: creating device client; threaded=0; jobified=0
Direct3D:
    Version:  Direct3D 11.0 [level 11.1]
    Renderer: NVIDIA GeForce RTX 3070 (ID=0x2488)
    Vendor:   NVIDIA
    VRAM:     8018 MB
    Driver:   32.0.15.7270
Initialize mono
Mono path[0] = 'C:/Program Files/Unity/Hub/Editor/2021.3.15f1/Editor/Data/Managed'
Mono path[1] = 'C:/Program Files/Unity/Hub/Editor/2021.3.15f1/Editor/Data/MonoBleedingEdge/lib/mono/unityjit-win32'
Mono config path = 'C:/Program Files/Unity/Hub/Editor/2021.3.15f1/Editor/Data/MonoBleedingEdge/etc'
Using monoOptions --debugger-agent=transport=dt_socket,embedding=1,server=y,suspend=n,address=127.0.0.1:56652
Begin MonoManager ReloadAssembly
Registering precompiled unity dll's ...
Register platform support module: C:/Program Files/Unity/Hub/Editor/2021.3.15f1/Editor/Data/PlaybackEngines/WindowsStandaloneSupport/UnityEditor.WindowsStandalone.Extensions.dll
Registered in 0.021323 seconds.
Native extension for WindowsStandalone target not found
Refreshing native plugins compatible for Editor in 95.59 ms, found 3 plugins.
Preloading 0 native plugins for Editor in 0.00 ms.
Mono: successfully reloaded assembly
- Completed reload, in  0.661 seconds
Domain Reload Profiling:
	ReloadAssembly (661ms)
		BeginReloadAssembly (115ms)
			ExecutionOrderSort (0ms)
			DisableScriptedObjects (0ms)
			BackupInstance (0ms)
			ReleaseScriptingObjects (0ms)
			CreateAndSetChildDomain (1ms)
		EndReloadAssembly (406ms)
			LoadAssemblies (110ms)
			RebuildTransferFunctionScriptingTraits (0ms)
			SetupTypeCache (85ms)
			ReleaseScriptCaches (0ms)
			RebuildScriptCaches (21ms)
			SetupLoadedEditorAssemblies (249ms)
				LogAssemblyErrors (0ms)
				InitializePlatformSupportModulesInManaged (10ms)
				SetLoadedEditorAssemblies (0ms)
				RefreshPlugins (96ms)
				BeforeProcessingInitializeOnLoad (1ms)
				ProcessInitializeOnLoadAttributes (108ms)
				ProcessInitializeOnLoadMethodAttributes (34ms)
				AfterProcessingInitializeOnLoad (0ms)
				EditorAssembliesLoaded (0ms)
			ExecutionOrderSort2 (0ms)
			AwakeInstancesAfterBackupRestoration (0ms)
Platform modules already initialized, skipping
Registering precompiled user dll's ...
Registered in 0.006034 seconds.
Begin MonoManager ReloadAssembly
Symbol file LoadedFromMemory doesn't match image D:\Projects\UnityFinishedSmallGames\Game #2\Medival-Game\Medival Game\Library\PackageCache\com.unity.visualscripting@1.7.8\Editor\VisualScripting.Core\Dependencies\DotNetZip\Unity.VisualScripting.IonicZip.dll
Symbol file LoadedFromMemory doesn't match image D:\Projects\UnityFinishedSmallGames\Game #2\Medival-Game\Medival Game\Library\PackageCache\com.unity.visualscripting@1.7.8\Editor\VisualScripting.Core\Dependencies\YamlDotNet\Unity.VisualScripting.YamlDotNet.dll
Native extension for WindowsStandalone target not found
Refreshing native plugins compatible for Editor in 103.32 ms, found 3 plugins.
Preloading 0 native plugins for Editor in 0.00 ms.
Package Manager log level set to [2]
Mono: successfully reloaded assembly
- Completed reload, in  1.409 seconds
Domain Reload Profiling:
	ReloadAssembly (1410ms)
		BeginReloadAssembly (135ms)
			ExecutionOrderSort (0ms)
			DisableScriptedObjects (4ms)
			BackupInstance (0ms)
			ReleaseScriptingObjects (0ms)
			CreateAndSetChildDomain (14ms)
		EndReloadAssembly (1161ms)
			LoadAssemblies (122ms)
			RebuildTransferFunctionScriptingTraits (0ms)
			SetupTypeCache (236ms)
			ReleaseScriptCaches (1ms)
			RebuildScriptCaches (51ms)
			SetupLoadedEditorAssemblies (751ms)
				LogAssemblyErrors (0ms)
				InitializePlatformSupportModulesInManaged (7ms)
				SetLoadedEditorAssemblies (0ms)
				RefreshPlugins (103ms)
				BeforeProcessingInitializeOnLoad (122ms)
				ProcessInitializeOnLoadAttributes (367ms)
				ProcessInitializeOnLoadMethodAttributes (123ms)
				AfterProcessingInitializeOnLoad (28ms)
				EditorAssembliesLoaded (0ms)
			ExecutionOrderSort2 (0ms)
			AwakeInstancesAfterBackupRestoration (5ms)
Platform modules already initialized, skipping
========================================================================
Worker process is ready to serve import requests
Launched and connected shader compiler UnityShaderCompiler.exe after 0.03 seconds
Refreshing native plugins compatible for Editor in 1.65 ms, found 3 plugins.
Preloading 0 native plugins for Editor in 0.00 ms.
Unloading 5895 Unused Serialized files (Serialized files now loaded: 0)
Unloading 72 unused Assets / (348.2 KB). Loaded Objects now: 6337.
Memory consumption went from 227.8 MB to 227.4 MB.
Total: 9.871700 ms (FindLiveObjects: 0.580700 ms CreateObjectMapping: 0.610700 ms MarkObjects: 8.475000 ms  DeleteObjects: 0.204400 ms)

AssetImportParameters requested are different than current active one (requested -> active):
  custom:video-decoder-ogg-theora: a1e56fd34408186e4bbccfd4996cb3dc -> 
  custom:container-muxer-webm: aa71ff27fc2769a1b78a27578f13a17b -> 
  custom:container-demuxer-webm: 4f35f7cbe854078d1ac9338744f61a02 -> 
  custom:video-encoder-webm-vp8: eb34c28f22e8b96e1ab97ce403110664 -> 
  custom:audio-encoder-webm-vorbis: bf7c407c2cedff20999df2af8eb42d56 -> 
  custom:framework-win-MediaFoundation: 216162199b28c13a410421893ffa2e32 -> 
  custom:container-demuxer-ogg: 62fdf1f143b41e24485cea50d1cbac27 -> 
  custom:video-decoder-webm-vp8: 9c59270c3fd7afecdb556c50c9e8de78 -> 
  custom:audio-decoder-ogg-vorbis: bf7c407c2cedff20999df2af8eb42d56 -> 
========================================================================
Received Import Request.
  Time since last request: 23695.893701 seconds.
  path: Assets/FantasyEnvironments/Environments/Town/Animations
  artifactKey: Guid(72192b36ca35b3046a8cb14cf5f4cac5) Importer(815301076,1909f56bfc062723c751e8b465ee728b)
Start importing Assets/FantasyEnvironments/Environments/Town/Animations using Guid(72192b36ca35b3046a8cb14cf5f4cac5) Importer(815301076,1909f56bfc062723c751e8b465ee728b)  -> (artifact id: '354ffd6d574b43354b80514f126e2555') in 0.009236 seconds 
========================================================================
Received Import Request.
  Time since last request: 2.315802 seconds.
  path: Assets/FantasyEnvironments/Environments/Town/Textures
  artifactKey: Guid(4cb1dc1a941e61f4aa35b137ba982bc1) Importer(815301076,1909f56bfc062723c751e8b465ee728b)
Start importing Assets/FantasyEnvironments/Environments/Town/Textures using Guid(4cb1dc1a941e61f4aa35b137ba982bc1) Importer(815301076,1909f56bfc062723c751e8b465ee728b)  -> (artifact id: '692516fe81d9681453b839ad9e315aa1') in 0.002809 seconds 
========================================================================
Received Import Request.
  Time since last request: 0.081507 seconds.
  path: Assets/FantasyEnvironments/Environments/Town/Textures/cart.png
  artifactKey: Guid(1aad33c896fb7c041bcf914fbf3b32e2) Importer(815301076,1909f56bfc062723c751e8b465ee728b)
Start importing Assets/FantasyEnvironments/Environments/Town/Textures/cart.png using Guid(1aad33c896fb7c041bcf914fbf3b32e2) Importer(815301076,1909f56bfc062723c751e8b465ee728b)  -> (artifact id: '29f078c1b81dbc3a41915e1519d164b9') in 0.074672 seconds 
========================================================================
Received Import Request.
  Time since last request: 0.000020 seconds.
  path: Assets/FantasyEnvironments/Environments/Town/Textures/Windmill.png
  artifactKey: Guid(b825342e197fffd4dbea9026200623fe) Importer(815301076,1909f56bfc062723c751e8b465ee728b)
Start importing Assets/FantasyEnvironments/Environments/Town/Textures/Windmill.png using Guid(b825342e197fffd4dbea9026200623fe) Importer(815301076,1909f56bfc062723c751e8b465ee728b)  -> (artifact id: '990e0e54b9d325af67bb3d88c6eb849a') in 0.013384 seconds 
========================================================================
Received Import Request.
  Time since last request: 5.199486 seconds.
  path: Assets/FantasyEnvironments/Environments/Ambient-Occlusion-Trees/Materials/Birch_bark.mat
  artifactKey: Guid(7ed001e11f025264c8b5dfc5b0702319) Importer(815301076,1909f56bfc062723c751e8b465ee728b)
Start importing Assets/FantasyEnvironments/Environments/Ambient-Occlusion-Trees/Materials/Birch_bark.mat using Guid(7ed001e11f025264c8b5dfc5b0702319) Importer(815301076,1909f56bfc062723c751e8b465ee728b)  -> (artifact id: '7d51b0cbf42d100bb7aea52a8bfc5883') in 0.218072 seconds 
========================================================================
Received Import Request.
  Time since last request: 32.124017 seconds.
  path: Assets/Scenes/GameScene.unity
  artifactKey: Guid(99c9720ab356a0642a771bea13969a05) Importer(815301076,1909f56bfc062723c751e8b465ee728b)
Start importing Assets/Scenes/GameScene.unity using Guid(99c9720ab356a0642a771bea13969a05) Importer(815301076,1909f56bfc062723c751e8b465ee728b)  -> (artifact id: 'b304635ab33799c8008c06b77ac63d1b') in 0.010895 seconds 
========================================================================
Received Import Request.
  Time since last request: 206.160174 seconds.
  path: Assets/FantasyEnvironments/Environments/Ambient-Occlusion-Trees/Materials/Birch_bark.mat
  artifactKey: Guid(7ed001e11f025264c8b5dfc5b0702319) Importer(815301076,1909f56bfc062723c751e8b465ee728b)
Start importing Assets/FantasyEnvironments/Environments/Ambient-Occlusion-Trees/Materials/Birch_bark.mat using Guid(7ed001e11f025264c8b5dfc5b0702319) Importer(815301076,1909f56bfc062723c751e8b465ee728b)  -> (artifact id: '359c4e21c784cbb1ec414c3568a9c9c6') in 1.034543 seconds 
========================================================================
Received Import Request.
  Time since last request: 0.000025 seconds.
  path: Assets/FantasyEnvironments/Environments/Ambient-Occlusion-Trees/Materials/Pine_stump.mat
  artifactKey: Guid(fd63946ad0263fd47bd2fed4079331f3) Importer(815301076,1909f56bfc062723c751e8b465ee728b)
Start importing Assets/FantasyEnvironments/Environments/Ambient-Occlusion-Trees/Materials/Pine_stump.mat using Guid(fd63946ad0263fd47bd2fed4079331f3) Importer(815301076,1909f56bfc062723c751e8b465ee728b)  -> (artifact id: 'd646df54f75f5de4352bb4958ad1e777') in 0.012624 seconds 
========================================================================
Received Import Request.
  Time since last request: 0.000028 seconds.
  path: Assets/FantasyEnvironments/Environments/Ambient-Occlusion-Trees/Materials/Willow_leaves.mat
  artifactKey: Guid(97b0db431770d9e459321d4a036c72d9) Importer(815301076,1909f56bfc062723c751e8b465ee728b)
Start importing Assets/FantasyEnvironments/Environments/Ambient-Occlusion-Trees/Materials/Willow_leaves.mat using Guid(97b0db431770d9e459321d4a036c72d9) Importer(815301076,1909f56bfc062723c751e8b465ee728b)  -> (artifact id: '957b31b8583d3364e2171c8efab06f92') in 0.013037 seconds 
========================================================================
Received Import Request.
  Time since last request: 0.000022 seconds.
  path: Assets/FantasyEnvironments/Environments/Ambient-Occlusion-Trees/Materials/Willow_bark.mat
  artifactKey: Guid(d3ad70c162b894b41bcc1221fac9a976) Importer(815301076,1909f56bfc062723c751e8b465ee728b)
Start importing Assets/FantasyEnvironments/Environments/Ambient-Occlusion-Trees/Materials/Willow_bark.mat using Guid(d3ad70c162b894b41bcc1221fac9a976) Importer(815301076,1909f56bfc062723c751e8b465ee728b)  -> (artifact id: '9e7b0802afd74228e39082ebca174109') in 0.012457 seconds 
========================================================================
Received Import Request.
  Time since last request: 0.000025 seconds.
  path: Assets/FantasyEnvironments/Environments/Ambient-Occlusion-Trees/Materials/Tree_bark1.mat
  artifactKey: Guid(413a94560e540a34b8e573686225293f) Importer(815301076,1909f56bfc062723c751e8b465ee728b)
Start importing Assets/FantasyEnvironments/Environments/Ambient-Occlusion-Trees/Materials/Tree_bark1.mat using Guid(413a94560e540a34b8e573686225293f) Importer(815301076,1909f56bfc062723c751e8b465ee728b)  -> (artifact id: 'a06218cd10d95cfd5e2716fc74ecb5de') in 0.013998 seconds 
========================================================================
Received Import Request.
  Time since last request: 0.000019 seconds.
  path: Assets/FantasyEnvironments/Environments/Ambient-Occlusion-Trees/Materials/Oak_bark.mat
  artifactKey: Guid(976cada19a6fd4b4c80f7fa23ff95137) Importer(815301076,1909f56bfc062723c751e8b465ee728b)
Start importing Assets/FantasyEnvironments/Environments/Ambient-Occlusion-Trees/Materials/Oak_bark.mat using Guid(976cada19a6fd4b4c80f7fa23ff95137) Importer(815301076,1909f56bfc062723c751e8b465ee728b)  -> (artifact id: 'b92e292c9d7045d870910ec42705fd69') in 0.012558 seconds 
========================================================================
Received Import Request.
  Time since last request: 0.000021 seconds.
  path: Assets/FantasyEnvironments/Environments/Ambient-Occlusion-Trees/Materials/Pine_bark.mat
  artifactKey: Guid(8dbb16fd86f5b7248b93f86a4f121388) Importer(815301076,1909f56bfc062723c751e8b465ee728b)
Start importing Assets/FantasyEnvironments/Environments/Ambient-Occlusion-Trees/Materials/Pine_bark.mat using Guid(8dbb16fd86f5b7248b93f86a4f121388) Importer(815301076,1909f56bfc062723c751e8b465ee728b)  -> (artifact id: '14cbdd2f4ac8c3e2256ba77b3cf3b836') in 0.012619 seconds 
Editor requested this worker to shutdown with reason: Scaling down because of idle timeout
AssetImportWorker is now disconnected from the server
Process exiting
Exiting without the bug reporter. Application will terminate with return code 0