Using pre-set license
Built from '2021.3/staging' branch; Version is '2021.3.15f1 (e8e88683f834) revision 15263878'; Using compiler version '192829333'; Build Type 'Release'
OS: 'Windows 10  (10.0.19045) 64bit Professional' Language: 'en' Physical Memory: 32630 MB
BatchMode: 1, IsHumanControllingUs: 0, StartBugReporterOnCrash: 0, Is64bit: 1, IsPro: 1

COMMAND LINE ARGUMENTS:
C:\Program Files\Unity\Hub\Editor\2021.3.15f1\Editor\Unity.exe
-adb2
-batchMode
-noUpm
-name
AssetImportWorker11
-projectPath
D:/Projects/UnityFinishedSmallGames/Game #2/Medival-Game/Medival Game
-logFile
Logs/AssetImportWorker11.log
-srvPort
51042
Successfully changed project path to: D:/Projects/UnityFinishedSmallGames/Game #2/Medival-Game/Medival Game
D:/Projects/UnityFinishedSmallGames/Game #2/Medival-Game/Medival Game
[UnityMemory] Configuration Parameters - Can be set up in boot.config
    "memorysetup-bucket-allocator-granularity=16"
    "memorysetup-bucket-allocator-bucket-count=8"
    "memorysetup-bucket-allocator-block-size=33554432"
    "memorysetup-bucket-allocator-block-count=8"
    "memorysetup-main-allocator-block-size=16777216"
    "memorysetup-thread-allocator-block-size=16777216"
    "memorysetup-gfx-main-allocator-block-size=16777216"
    "memorysetup-gfx-thread-allocator-block-size=16777216"
    "memorysetup-cache-allocator-block-size=4194304"
    "memorysetup-typetree-allocator-block-size=2097152"
    "memorysetup-profiler-bucket-allocator-granularity=16"
    "memorysetup-profiler-bucket-allocator-bucket-count=8"
    "memorysetup-profiler-bucket-allocator-block-size=33554432"
    "memorysetup-profiler-bucket-allocator-block-count=8"
    "memorysetup-profiler-allocator-block-size=16777216"
    "memorysetup-profiler-editor-allocator-block-size=1048576"
    "memorysetup-temp-allocator-size-main=16777216"
    "memorysetup-job-temp-allocator-block-size=2097152"
    "memorysetup-job-temp-allocator-block-size-background=1048576"
    "memorysetup-job-temp-allocator-reduction-small-platforms=262144"
    "memorysetup-temp-allocator-size-background-worker=32768"
    "memorysetup-temp-allocator-size-job-worker=262144"
    "memorysetup-temp-allocator-size-preload-manager=33554432"
    "memorysetup-temp-allocator-size-nav-mesh-worker=65536"
    "memorysetup-temp-allocator-size-audio-worker=65536"
    "memorysetup-temp-allocator-size-cloud-worker=32768"
    "memorysetup-temp-allocator-size-gi-baking-worker=262144"
    "memorysetup-temp-allocator-size-gfx=262144"
Player connection [24832] Host "[IP] 10.0.0.130 [Port] 0 [Flags] 2 [Guid] 3654790245 [EditorId] 3654790245 [Version] 1048832 [Id] WindowsEditor(7,Tobi) [Debug] 1 [PackageName] WindowsEditor [ProjectName] Editor" joined multi-casting on [225.0.0.222:54997]...

Player connection [24832] Host "[IP] 10.0.0.130 [Port] 0 [Flags] 2 [Guid] 3654790245 [EditorId] 3654790245 [Version] 1048832 [Id] WindowsEditor(7,Tobi) [Debug] 1 [PackageName] WindowsEditor [ProjectName] Editor" joined alternative multi-casting on [225.0.0.222:34997]...

Refreshing native plugins compatible for Editor in 111.89 ms, found 3 plugins.
Preloading 0 native plugins for Editor in 0.00 ms.
Initialize engine version: 2021.3.15f1 (e8e88683f834)
[Subsystems] Discovering subsystems at path C:/Program Files/Unity/Hub/Editor/2021.3.15f1/Editor/Data/Resources/UnitySubsystems
[Subsystems] Discovering subsystems at path D:/Projects/UnityFinishedSmallGames/Game #2/Medival-Game/Medival Game/Assets
GfxDevice: creating device client; threaded=0; jobified=0
Direct3D:
    Version:  Direct3D 11.0 [level 11.1]
    Renderer: NVIDIA GeForce RTX 3070 (ID=0x2488)
    Vendor:   NVIDIA
    VRAM:     8018 MB
    Driver:   32.0.15.7270
Initialize mono
Mono path[0] = 'C:/Program Files/Unity/Hub/Editor/2021.3.15f1/Editor/Data/Managed'
Mono path[1] = 'C:/Program Files/Unity/Hub/Editor/2021.3.15f1/Editor/Data/MonoBleedingEdge/lib/mono/unityjit-win32'
Mono config path = 'C:/Program Files/Unity/Hub/Editor/2021.3.15f1/Editor/Data/MonoBleedingEdge/etc'
Using monoOptions --debugger-agent=transport=dt_socket,embedding=1,server=y,suspend=n,address=127.0.0.1:56860
Begin MonoManager ReloadAssembly
Registering precompiled unity dll's ...
Register platform support module: C:/Program Files/Unity/Hub/Editor/2021.3.15f1/Editor/Data/PlaybackEngines/WindowsStandaloneSupport/UnityEditor.WindowsStandalone.Extensions.dll
Registered in 0.022071 seconds.
Native extension for WindowsStandalone target not found
Refreshing native plugins compatible for Editor in 103.29 ms, found 3 plugins.
Preloading 0 native plugins for Editor in 0.00 ms.
Mono: successfully reloaded assembly
- Completed reload, in  0.665 seconds
Domain Reload Profiling:
	ReloadAssembly (666ms)
		BeginReloadAssembly (114ms)
			ExecutionOrderSort (0ms)
			DisableScriptedObjects (0ms)
			BackupInstance (0ms)
			ReleaseScriptingObjects (0ms)
			CreateAndSetChildDomain (1ms)
		EndReloadAssembly (419ms)
			LoadAssemblies (106ms)
			RebuildTransferFunctionScriptingTraits (0ms)
			SetupTypeCache (90ms)
			ReleaseScriptCaches (0ms)
			RebuildScriptCaches (20ms)
			SetupLoadedEditorAssemblies (256ms)
				LogAssemblyErrors (0ms)
				InitializePlatformSupportModulesInManaged (10ms)
				SetLoadedEditorAssemblies (0ms)
				RefreshPlugins (103ms)
				BeforeProcessingInitializeOnLoad (1ms)
				ProcessInitializeOnLoadAttributes (107ms)
				ProcessInitializeOnLoadMethodAttributes (34ms)
				AfterProcessingInitializeOnLoad (0ms)
				EditorAssembliesLoaded (0ms)
			ExecutionOrderSort2 (0ms)
			AwakeInstancesAfterBackupRestoration (0ms)
Platform modules already initialized, skipping
Registering precompiled user dll's ...
Registered in 0.006294 seconds.
Begin MonoManager ReloadAssembly
Symbol file LoadedFromMemory doesn't match image D:\Projects\UnityFinishedSmallGames\Game #2\Medival-Game\Medival Game\Library\PackageCache\com.unity.visualscripting@1.7.8\Editor\VisualScripting.Core\Dependencies\DotNetZip\Unity.VisualScripting.IonicZip.dll
Symbol file LoadedFromMemory doesn't match image D:\Projects\UnityFinishedSmallGames\Game #2\Medival-Game\Medival Game\Library\PackageCache\com.unity.visualscripting@1.7.8\Editor\VisualScripting.Core\Dependencies\YamlDotNet\Unity.VisualScripting.YamlDotNet.dll
Native extension for WindowsStandalone target not found
Refreshing native plugins compatible for Editor in 105.58 ms, found 3 plugins.
Preloading 0 native plugins for Editor in 0.00 ms.
Package Manager log level set to [2]
Mono: successfully reloaded assembly
- Completed reload, in  1.431 seconds
Domain Reload Profiling:
	ReloadAssembly (1432ms)
		BeginReloadAssembly (153ms)
			ExecutionOrderSort (0ms)
			DisableScriptedObjects (5ms)
			BackupInstance (0ms)
			ReleaseScriptingObjects (0ms)
			CreateAndSetChildDomain (14ms)
		EndReloadAssembly (1155ms)
			LoadAssemblies (139ms)
			RebuildTransferFunctionScriptingTraits (0ms)
			SetupTypeCache (232ms)
			ReleaseScriptCaches (1ms)
			RebuildScriptCaches (55ms)
			SetupLoadedEditorAssemblies (744ms)
				LogAssemblyErrors (0ms)
				InitializePlatformSupportModulesInManaged (8ms)
				SetLoadedEditorAssemblies (0ms)
				RefreshPlugins (106ms)
				BeforeProcessingInitializeOnLoad (114ms)
				ProcessInitializeOnLoadAttributes (361ms)
				ProcessInitializeOnLoadMethodAttributes (135ms)
				AfterProcessingInitializeOnLoad (20ms)
				EditorAssembliesLoaded (0ms)
			ExecutionOrderSort2 (0ms)
			AwakeInstancesAfterBackupRestoration (5ms)
Platform modules already initialized, skipping
========================================================================
Worker process is ready to serve import requests
Launched and connected shader compiler UnityShaderCompiler.exe after 0.03 seconds
Refreshing native plugins compatible for Editor in 1.67 ms, found 3 plugins.
Preloading 0 native plugins for Editor in 0.00 ms.
Unloading 5895 Unused Serialized files (Serialized files now loaded: 0)
Unloading 72 unused Assets / (348.1 KB). Loaded Objects now: 6336.
Memory consumption went from 227.7 MB to 227.4 MB.
Total: 9.232600 ms (FindLiveObjects: 0.626400 ms CreateObjectMapping: 0.588700 ms MarkObjects: 7.829200 ms  DeleteObjects: 0.187100 ms)

AssetImportParameters requested are different than current active one (requested -> active):
  custom:video-decoder-ogg-theora: a1e56fd34408186e4bbccfd4996cb3dc -> 
  custom:container-muxer-webm: aa71ff27fc2769a1b78a27578f13a17b -> 
  custom:container-demuxer-webm: 4f35f7cbe854078d1ac9338744f61a02 -> 
  custom:video-encoder-webm-vp8: eb34c28f22e8b96e1ab97ce403110664 -> 
  custom:audio-encoder-webm-vorbis: bf7c407c2cedff20999df2af8eb42d56 -> 
  custom:framework-win-MediaFoundation: 216162199b28c13a410421893ffa2e32 -> 
  custom:container-demuxer-ogg: 62fdf1f143b41e24485cea50d1cbac27 -> 
  custom:video-decoder-webm-vp8: 9c59270c3fd7afecdb556c50c9e8de78 -> 
  custom:audio-decoder-ogg-vorbis: bf7c407c2cedff20999df2af8eb42d56 -> 
========================================================================
Received Import Request.
  Time since last request: 23287.372727 seconds.
  path: Assets/FantasyEnvironments/Environments/Ambient-Occlusion-Trees/FBX/Birch_tree1.fbx
  artifactKey: Guid(699d9f0463b3804428644296838e3b76) Importer(815301076,1909f56bfc062723c751e8b465ee728b)
Start importing Assets/FantasyEnvironments/Environments/Ambient-Occlusion-Trees/FBX/Birch_tree1.fbx using Guid(699d9f0463b3804428644296838e3b76) Importer(815301076,1909f56bfc062723c751e8b465ee728b)  -> (artifact id: 'd18657c16266dad4c68ef9d7ce1cd36a') in 0.228922 seconds 
========================================================================
Received Import Request.
  Time since last request: 2.775845 seconds.
  path: Assets/FantasyEnvironments/Environments/Ambient-Occlusion-Trees/FBX/Birch_tree1.fbx
  artifactKey: Guid(699d9f0463b3804428644296838e3b76) Importer(815301076,1909f56bfc062723c751e8b465ee728b)
Start importing Assets/FantasyEnvironments/Environments/Ambient-Occlusion-Trees/FBX/Birch_tree1.fbx using Guid(699d9f0463b3804428644296838e3b76) Importer(815301076,1909f56bfc062723c751e8b465ee728b)  -> (artifact id: '1c841a8a30f412096e3b849c4f9a6b5d') in 0.024419 seconds 
========================================================================
Received Import Request.
  Time since last request: 5.057096 seconds.
  path: Assets/FantasyEnvironments/Environments/Ambient-Occlusion-Trees/FBX/Birch_tree1.fbx
  artifactKey: Guid(699d9f0463b3804428644296838e3b76) Importer(815301076,1909f56bfc062723c751e8b465ee728b)
Start importing Assets/FantasyEnvironments/Environments/Ambient-Occlusion-Trees/FBX/Birch_tree1.fbx using Guid(699d9f0463b3804428644296838e3b76) Importer(815301076,1909f56bfc062723c751e8b465ee728b)  -> (artifact id: '55f2cacc31b11e879914a3f9645cc68b') in 0.039436 seconds 
========================================================================
Received Import Request.
  Time since last request: 4.132018 seconds.
  path: Assets/FantasyEnvironments/Environments/Ambient-Occlusion-Trees/FBX/Birch_tree1.fbx
  artifactKey: Guid(699d9f0463b3804428644296838e3b76) Importer(815301076,1909f56bfc062723c751e8b465ee728b)
Start importing Assets/FantasyEnvironments/Environments/Ambient-Occlusion-Trees/FBX/Birch_tree1.fbx using Guid(699d9f0463b3804428644296838e3b76) Importer(815301076,1909f56bfc062723c751e8b465ee728b)  -> (artifact id: '8e361fca79b814e828f9379070e03020') in 0.033420 seconds 
========================================================================
Received Import Request.
  Time since last request: 109.282515 seconds.
  path: Assets/FantasyEnvironments/Environments/Ambient-Occlusion-Trees/Prefabs/Birch_tree1.prefab
  artifactKey: Guid(47356d574ebc3a545bfaef26eb02a2ea) Importer(815301076,1909f56bfc062723c751e8b465ee728b)
Start importing Assets/FantasyEnvironments/Environments/Ambient-Occlusion-Trees/Prefabs/Birch_tree1.prefab using Guid(47356d574ebc3a545bfaef26eb02a2ea) Importer(815301076,1909f56bfc062723c751e8b465ee728b)  -> (artifact id: 'c37dbad240b90e7edd951b9168b89616') in 0.014419 seconds 
========================================================================
Received Import Request.
  Time since last request: 143.392769 seconds.
  path: Assets/FantasyEnvironments/FX
  artifactKey: Guid(e6d0d0b5547785c4da900d74927a5b67) Importer(815301076,1909f56bfc062723c751e8b465ee728b)
Start importing Assets/FantasyEnvironments/FX using Guid(e6d0d0b5547785c4da900d74927a5b67) Importer(815301076,1909f56bfc062723c751e8b465ee728b)  -> (artifact id: '1b2c5715a87668c7b990f42df7a1e511') in 0.006147 seconds 
========================================================================
Received Import Request.
  Time since last request: 0.067557 seconds.
  path: Assets/FantasyEnvironments/FX/FX_CandleFlame.png
  artifactKey: Guid(8ab2c924997fc6e4caddc0f2ccdc4a72) Importer(815301076,1909f56bfc062723c751e8b465ee728b)
Start importing Assets/FantasyEnvironments/FX/FX_CandleFlame.png using Guid(8ab2c924997fc6e4caddc0f2ccdc4a72) Importer(815301076,1909f56bfc062723c751e8b465ee728b)  -> (artifact id: '61bd676f21cd0c17f5c9a86557277a42') in 0.025532 seconds 
========================================================================
Received Import Request.
  Time since last request: 36.793308 seconds.
  path: Assets/FantasyEnvironments/Environments/TerrainLayers
  artifactKey: Guid(f5d9e3a337410dd47962e6d229513217) Importer(815301076,1909f56bfc062723c751e8b465ee728b)
Start importing Assets/FantasyEnvironments/Environments/TerrainLayers using Guid(f5d9e3a337410dd47962e6d229513217) Importer(815301076,1909f56bfc062723c751e8b465ee728b)  -> (artifact id: '5a2ee07f637ea8c5deba4f56d5134a83') in 0.006499 seconds 
========================================================================
Received Import Request.
  Time since last request: 0.214592 seconds.
  path: Assets/FantasyEnvironments/Environments/TerrainLayers/layer_ground_grass.terrainlayer
  artifactKey: Guid(6030d4ecea42c4a4a8df94e0e7854f90) Importer(815301076,1909f56bfc062723c751e8b465ee728b)
Start importing Assets/FantasyEnvironments/Environments/TerrainLayers/layer_ground_grass.terrainlayer using Guid(6030d4ecea42c4a4a8df94e0e7854f90) Importer(815301076,1909f56bfc062723c751e8b465ee728b)  -> (artifact id: '5d0fb31ddee4c11220f3f4bc56c77ec8') in 0.019015 seconds 
========================================================================
Received Import Request.
  Time since last request: 0.000015 seconds.
  path: Assets/FantasyEnvironments/Environments/TerrainLayers/layer_ground_rock.terrainlayer
  artifactKey: Guid(3e95f0de195aa9d47a801a3cec488555) Importer(815301076,1909f56bfc062723c751e8b465ee728b)
Start importing Assets/FantasyEnvironments/Environments/TerrainLayers/layer_ground_rock.terrainlayer using Guid(3e95f0de195aa9d47a801a3cec488555) Importer(815301076,1909f56bfc062723c751e8b465ee728b)  -> (artifact id: '725f2e36b77d8f4cf183e6978a5e5766') in 0.010952 seconds 
========================================================================
Received Import Request.
  Time since last request: 0.000018 seconds.
  path: Assets/FantasyEnvironments/Environments/TerrainLayers/layer_ground_stones.terrainlayer
  artifactKey: Guid(731e3b5ac8d62b84e9132f24ac2deff4) Importer(815301076,1909f56bfc062723c751e8b465ee728b)
Start importing Assets/FantasyEnvironments/Environments/TerrainLayers/layer_ground_stones.terrainlayer using Guid(731e3b5ac8d62b84e9132f24ac2deff4) Importer(815301076,1909f56bfc062723c751e8b465ee728b)  -> (artifact id: 'f9fbfd9d2f3820594ae95f81de2be7ea') in 0.010307 seconds 
========================================================================
Received Import Request.
  Time since last request: 5.401383 seconds.
  path: Assets/FantasyEnvironments/Environments/Scenes
  artifactKey: Guid(e929daf10fde9624a8a38d0df3ff3dea) Importer(815301076,1909f56bfc062723c751e8b465ee728b)
Start importing Assets/FantasyEnvironments/Environments/Scenes using Guid(e929daf10fde9624a8a38d0df3ff3dea) Importer(815301076,1909f56bfc062723c751e8b465ee728b)  -> (artifact id: '34958f25e4a181c6809c8ca4e6be8db8') in 0.006433 seconds 
========================================================================
Received Import Request.
  Time since last request: 1.252522 seconds.
  path: Assets/FantasyEnvironments/Environments/Scenes/ScenePrefabs.unity
  artifactKey: Guid(d67de68de6c753d47aabfdaec9499e4a) Importer(815301076,1909f56bfc062723c751e8b465ee728b)
Start importing Assets/FantasyEnvironments/Environments/Scenes/ScenePrefabs.unity using Guid(d67de68de6c753d47aabfdaec9499e4a) Importer(815301076,1909f56bfc062723c751e8b465ee728b)  -> (artifact id: 'd2a53b999b34123866a99615f5747857') in 0.006514 seconds 
========================================================================
Received Import Request.
  Time since last request: 1.207123 seconds.
  path: Assets/FantasyEnvironments/Environments/Scenes/DemoScene.unity
  artifactKey: Guid(87ce07c59e66310498edef58e1f1d1ac) Importer(815301076,1909f56bfc062723c751e8b465ee728b)
Start importing Assets/FantasyEnvironments/Environments/Scenes/DemoScene.unity using Guid(87ce07c59e66310498edef58e1f1d1ac) Importer(815301076,1909f56bfc062723c751e8b465ee728b)  -> (artifact id: '54c8de2e2faf665c2eed06120e928092') in 0.011405 seconds 
========================================================================
Received Import Request.
  Time since last request: 1.008729 seconds.
  path: Assets/FantasyEnvironments/Environments/Scenes/DemoScene1
  artifactKey: Guid(8d1499513d065d041bc3c51dc560f2c6) Importer(815301076,1909f56bfc062723c751e8b465ee728b)
Start importing Assets/FantasyEnvironments/Environments/Scenes/DemoScene1 using Guid(8d1499513d065d041bc3c51dc560f2c6) Importer(815301076,1909f56bfc062723c751e8b465ee728b)  -> (artifact id: 'd38f0bfe44f45363a9e1008e7341de1d') in 0.010962 seconds 
========================================================================
Received Import Request.
  Time since last request: 0.126910 seconds.
  path: Assets/FantasyEnvironments/Environments/Scenes/DemoScene1/OcclusionCullingData.asset
  artifactKey: Guid(2cdbdf09f6846024fa52227ff46818cd) Importer(815301076,1909f56bfc062723c751e8b465ee728b)
Start importing Assets/FantasyEnvironments/Environments/Scenes/DemoScene1/OcclusionCullingData.asset using Guid(2cdbdf09f6846024fa52227ff46818cd) Importer(815301076,1909f56bfc062723c751e8b465ee728b)  -> (artifact id: '6509ab6e752faf306616d71e995194c8') in 0.287575 seconds 
========================================================================
Received Import Request.
  Time since last request: 72.409747 seconds.
  path: Assets/FantasyEnvironments/Environments/Town
  artifactKey: Guid(db2b4259d7e30e94b854890bb3e46f68) Importer(815301076,1909f56bfc062723c751e8b465ee728b)
Start importing Assets/FantasyEnvironments/Environments/Town using Guid(db2b4259d7e30e94b854890bb3e46f68) Importer(815301076,1909f56bfc062723c751e8b465ee728b)  -> (artifact id: '3af707e6c4fd4b4d6cb5145e45788ca6') in 0.011307 seconds 
========================================================================
Received Import Request.
  Time since last request: 1.986026 seconds.
  path: Assets/FantasyEnvironments/Environments/Town/Prefabs
  artifactKey: Guid(b8739a8b45a090e4b86ed9050953128c) Importer(815301076,1909f56bfc062723c751e8b465ee728b)
Start importing Assets/FantasyEnvironments/Environments/Town/Prefabs using Guid(b8739a8b45a090e4b86ed9050953128c) Importer(815301076,1909f56bfc062723c751e8b465ee728b)  -> (artifact id: '48122c10aa9ced635e5a4f141766ccb8') in 0.006117 seconds 
========================================================================
Received Import Request.
  Time since last request: 0.097647 seconds.
  path: Assets/FantasyEnvironments/Environments/Town/Prefabs/cart1.prefab
  artifactKey: Guid(02c9d373237917847b636baad496fa95) Importer(815301076,1909f56bfc062723c751e8b465ee728b)
Start importing Assets/FantasyEnvironments/Environments/Town/Prefabs/cart1.prefab using Guid(02c9d373237917847b636baad496fa95) Importer(815301076,1909f56bfc062723c751e8b465ee728b)  -> (artifact id: '60e89c3f9795dd798d0835b0b92f899b') in 0.016502 seconds 
========================================================================
Received Import Request.
  Time since last request: 0.001802 seconds.
  path: Assets/FantasyEnvironments/Environments/Town/Prefabs/Food_bottle1.prefab
  artifactKey: Guid(12f375000a68b4649bb3d3d8189e199e) Importer(815301076,1909f56bfc062723c751e8b465ee728b)
Start importing Assets/FantasyEnvironments/Environments/Town/Prefabs/Food_bottle1.prefab using Guid(12f375000a68b4649bb3d3d8189e199e) Importer(815301076,1909f56bfc062723c751e8b465ee728b)  -> (artifact id: '74222a22dcffcb8900115d096348b2f1') in 0.014091 seconds 
========================================================================
Received Import Request.
  Time since last request: 0.000017 seconds.
  path: Assets/FantasyEnvironments/Environments/Town/Prefabs/Food_spoon.prefab
  artifactKey: Guid(e3d6d39d39579f347a50ef63dae12627) Importer(815301076,1909f56bfc062723c751e8b465ee728b)
Start importing Assets/FantasyEnvironments/Environments/Town/Prefabs/Food_spoon.prefab using Guid(e3d6d39d39579f347a50ef63dae12627) Importer(815301076,1909f56bfc062723c751e8b465ee728b)  -> (artifact id: 'c8bef2eb0df16d3a06eed5ce0de78ca1') in 0.015009 seconds 
========================================================================
Received Import Request.
  Time since last request: 0.000017 seconds.
  path: Assets/FantasyEnvironments/Environments/Town/Prefabs/Furniture_bed.prefab
  artifactKey: Guid(0e6f17b37bae2034c908fee784921b85) Importer(815301076,1909f56bfc062723c751e8b465ee728b)
Start importing Assets/FantasyEnvironments/Environments/Town/Prefabs/Furniture_bed.prefab using Guid(0e6f17b37bae2034c908fee784921b85) Importer(815301076,1909f56bfc062723c751e8b465ee728b)  -> (artifact id: '5d155f1ed34d14ce4e902fa51cd3c8be') in 0.012580 seconds 
========================================================================
Received Import Request.
  Time since last request: 0.000026 seconds.
  path: Assets/FantasyEnvironments/Environments/Town/Prefabs/storage_bag_seeds.prefab
  artifactKey: Guid(e1ad20f44ad21f6448a11f707d185806) Importer(815301076,1909f56bfc062723c751e8b465ee728b)
Start importing Assets/FantasyEnvironments/Environments/Town/Prefabs/storage_bag_seeds.prefab using Guid(e1ad20f44ad21f6448a11f707d185806) Importer(815301076,1909f56bfc062723c751e8b465ee728b)  -> (artifact id: '7b1d78329a460dce5fc76b6ef53c6be2') in 0.012364 seconds 
========================================================================
Received Import Request.
  Time since last request: 0.000015 seconds.
  path: Assets/FantasyEnvironments/Environments/Town/Prefabs/Furniture_cupboard3.prefab
  artifactKey: Guid(0966a25dc3b04884c9c0a833226238e9) Importer(815301076,1909f56bfc062723c751e8b465ee728b)
Start importing Assets/FantasyEnvironments/Environments/Town/Prefabs/Furniture_cupboard3.prefab using Guid(0966a25dc3b04884c9c0a833226238e9) Importer(815301076,1909f56bfc062723c751e8b465ee728b)  -> (artifact id: '5c2ee39fec4979bf96220fa4176913c2') in 0.012257 seconds 
========================================================================
Received Import Request.
  Time since last request: 0.000017 seconds.
  path: Assets/FantasyEnvironments/Environments/Town/Prefabs/Food_bottle5.prefab
  artifactKey: Guid(1bbaa2b4e9f38f247a679a48e7119852) Importer(815301076,1909f56bfc062723c751e8b465ee728b)
Start importing Assets/FantasyEnvironments/Environments/Town/Prefabs/Food_bottle5.prefab using Guid(1bbaa2b4e9f38f247a679a48e7119852) Importer(815301076,1909f56bfc062723c751e8b465ee728b)  -> (artifact id: '91c323652172ebd3465929703774f415') in 0.011734 seconds 
========================================================================
Received Import Request.
  Time since last request: 0.000033 seconds.
  path: Assets/FantasyEnvironments/Environments/Town/Prefabs/House3.prefab
  artifactKey: Guid(f4e6ccfc0f9f2de43b1f6ab60a2e5f44) Importer(815301076,1909f56bfc062723c751e8b465ee728b)
Start importing Assets/FantasyEnvironments/Environments/Town/Prefabs/House3.prefab using Guid(f4e6ccfc0f9f2de43b1f6ab60a2e5f44) Importer(815301076,1909f56bfc062723c751e8b465ee728b)  -> (artifact id: '4c109e13ed0c76265821b64f70b8a32b') in 0.011848 seconds 
========================================================================
Received Import Request.
  Time since last request: 0.000020 seconds.
  path: Assets/FantasyEnvironments/Environments/Town/Prefabs/Food_cup1.prefab
  artifactKey: Guid(10a31ba8783d590419d60e1a150a90d9) Importer(815301076,1909f56bfc062723c751e8b465ee728b)
Start importing Assets/FantasyEnvironments/Environments/Town/Prefabs/Food_cup1.prefab using Guid(10a31ba8783d590419d60e1a150a90d9) Importer(815301076,1909f56bfc062723c751e8b465ee728b)  -> (artifact id: '6140aabcb47b7b1dde3ac56001aa0fac') in 0.013541 seconds 
========================================================================
Received Import Request.
  Time since last request: 0.000017 seconds.
  path: Assets/FantasyEnvironments/Environments/Town/Prefabs/storage_barrel_fish.prefab
  artifactKey: Guid(0d2af6a6b81e33943a9eb2c1f8f1d672) Importer(815301076,1909f56bfc062723c751e8b465ee728b)
Start importing Assets/FantasyEnvironments/Environments/Town/Prefabs/storage_barrel_fish.prefab using Guid(0d2af6a6b81e33943a9eb2c1f8f1d672) Importer(815301076,1909f56bfc062723c751e8b465ee728b)  -> (artifact id: '1977d4b40cf35e88efcd4efb1e362b77') in 0.012401 seconds 
========================================================================
Received Import Request.
  Time since last request: 0.000020 seconds.
  path: Assets/FantasyEnvironments/Environments/Town/Prefabs/Tavern_interior_curtain.prefab
  artifactKey: Guid(223538b123a3d5a4ca03eeb7ae26c113) Importer(815301076,1909f56bfc062723c751e8b465ee728b)
Start importing Assets/FantasyEnvironments/Environments/Town/Prefabs/Tavern_interior_curtain.prefab using Guid(223538b123a3d5a4ca03eeb7ae26c113) Importer(815301076,1909f56bfc062723c751e8b465ee728b)  -> (artifact id: '686eb933bb7ced0e005efe814f834e5a') in 0.012530 seconds 
========================================================================
Received Import Request.
  Time since last request: 0.000018 seconds.
  path: Assets/FantasyEnvironments/Environments/Town/Prefabs/storage_bag_potato.prefab
  artifactKey: Guid(0583e822e5012574482d44a792a86ec7) Importer(815301076,1909f56bfc062723c751e8b465ee728b)
Start importing Assets/FantasyEnvironments/Environments/Town/Prefabs/storage_bag_potato.prefab using Guid(0583e822e5012574482d44a792a86ec7) Importer(815301076,1909f56bfc062723c751e8b465ee728b)  -> (artifact id: '18af2a86078279db557540e8082209fe') in 0.012463 seconds 
========================================================================
Received Import Request.
  Time since last request: 0.000018 seconds.
  path: Assets/FantasyEnvironments/Environments/Town/Prefabs/Furniture_elixir1.prefab
  artifactKey: Guid(182522b21312ecd49b2a940eb7588df3) Importer(815301076,1909f56bfc062723c751e8b465ee728b)
Start importing Assets/FantasyEnvironments/Environments/Town/Prefabs/Furniture_elixir1.prefab using Guid(182522b21312ecd49b2a940eb7588df3) Importer(815301076,1909f56bfc062723c751e8b465ee728b)  -> (artifact id: '49c312f97005421cd4d3f84c2149228b') in 0.012960 seconds 
========================================================================
Received Import Request.
  Time since last request: 0.000019 seconds.
  path: Assets/FantasyEnvironments/Environments/Town/Prefabs/Food_bowler1.prefab
  artifactKey: Guid(670d3848d1d5d804b89f6cb7e02d3856) Importer(815301076,1909f56bfc062723c751e8b465ee728b)
Start importing Assets/FantasyEnvironments/Environments/Town/Prefabs/Food_bowler1.prefab using Guid(670d3848d1d5d804b89f6cb7e02d3856) Importer(815301076,1909f56bfc062723c751e8b465ee728b)  -> (artifact id: 'd4d2116f4a3c42c85e4f8eb898a003d1') in 0.012567 seconds 
========================================================================
Received Import Request.
  Time since last request: 0.000019 seconds.
  path: Assets/FantasyEnvironments/Environments/Town/Prefabs/Furniture_candlestick1.prefab
  artifactKey: Guid(e965607d197150b43a6dabdf25ed1ac5) Importer(815301076,1909f56bfc062723c751e8b465ee728b)
Start importing Assets/FantasyEnvironments/Environments/Town/Prefabs/Furniture_candlestick1.prefab using Guid(e965607d197150b43a6dabdf25ed1ac5) Importer(815301076,1909f56bfc062723c751e8b465ee728b)  -> (artifact id: '8153dfa8081cf3d84bbfdcb2ef332726') in 0.017487 seconds 
========================================================================
Received Import Request.
  Time since last request: 0.000018 seconds.
  path: Assets/FantasyEnvironments/Environments/Town/Prefabs/Furniture_table_round.prefab
  artifactKey: Guid(c52f5c6f08ce3b54e9d7300b6225a312) Importer(815301076,1909f56bfc062723c751e8b465ee728b)
Start importing Assets/FantasyEnvironments/Environments/Town/Prefabs/Furniture_table_round.prefab using Guid(c52f5c6f08ce3b54e9d7300b6225a312) Importer(815301076,1909f56bfc062723c751e8b465ee728b)  -> (artifact id: 'a1e0a8d975d62d606acf634b90917127') in 0.012373 seconds 
========================================================================
Received Import Request.
  Time since last request: 0.000026 seconds.
  path: Assets/FantasyEnvironments/Environments/Town/Prefabs/Furniture_tablecloth.prefab
  artifactKey: Guid(dc5d119be17e64146add7deca74e5ea3) Importer(815301076,1909f56bfc062723c751e8b465ee728b)
Start importing Assets/FantasyEnvironments/Environments/Town/Prefabs/Furniture_tablecloth.prefab using Guid(dc5d119be17e64146add7deca74e5ea3) Importer(815301076,1909f56bfc062723c751e8b465ee728b)  -> (artifact id: '3d2811c41af395bca4dca268df30fbd6') in 0.011820 seconds 
========================================================================
Received Import Request.
  Time since last request: 0.000019 seconds.
  path: Assets/FantasyEnvironments/Environments/Town/Prefabs/Food_pie.prefab
  artifactKey: Guid(5e37f2527168a124bb04323a0011992d) Importer(815301076,1909f56bfc062723c751e8b465ee728b)
Start importing Assets/FantasyEnvironments/Environments/Town/Prefabs/Food_pie.prefab using Guid(5e37f2527168a124bb04323a0011992d) Importer(815301076,1909f56bfc062723c751e8b465ee728b)  -> (artifact id: '40c96d03c9286fe97a01625202e74995') in 0.012025 seconds 
========================================================================
Received Import Request.
  Time since last request: 0.000016 seconds.
  path: Assets/FantasyEnvironments/Environments/Town/Prefabs/Furniture_book2.prefab
  artifactKey: Guid(bd5d815d5dbfcbb47b8b9b2d2e647d8a) Importer(815301076,1909f56bfc062723c751e8b465ee728b)
Start importing Assets/FantasyEnvironments/Environments/Town/Prefabs/Furniture_book2.prefab using Guid(bd5d815d5dbfcbb47b8b9b2d2e647d8a) Importer(815301076,1909f56bfc062723c751e8b465ee728b)  -> (artifact id: 'fbab93bd001d27fcce188e50bb76bd9a') in 0.012570 seconds 
========================================================================
Received Import Request.
  Time since last request: 0.000017 seconds.
  path: Assets/FantasyEnvironments/Environments/Town/Prefabs/Furniture_chair2.prefab
  artifactKey: Guid(1ff4556f964b9f0448c031a10afabb46) Importer(815301076,1909f56bfc062723c751e8b465ee728b)
Start importing Assets/FantasyEnvironments/Environments/Town/Prefabs/Furniture_chair2.prefab using Guid(1ff4556f964b9f0448c031a10afabb46) Importer(815301076,1909f56bfc062723c751e8b465ee728b)  -> (artifact id: '835a5f5066913c0b2b29327dbb237cde') in 0.014128 seconds 
========================================================================
Received Import Request.
  Time since last request: 0.000025 seconds.
  path: Assets/FantasyEnvironments/Environments/Town/Prefabs/Tavern_interior_chandelier.prefab
  artifactKey: Guid(f8c7dffde3d4f734b9aed6a300982bbf) Importer(815301076,1909f56bfc062723c751e8b465ee728b)
Start importing Assets/FantasyEnvironments/Environments/Town/Prefabs/Tavern_interior_chandelier.prefab using Guid(f8c7dffde3d4f734b9aed6a300982bbf) Importer(815301076,1909f56bfc062723c751e8b465ee728b)  -> (artifact id: 'deca63a70e49d0770d9bcf27565e617b') in 0.017635 seconds 
========================================================================
Received Import Request.
  Time since last request: 0.000028 seconds.
  path: Assets/FantasyEnvironments/Environments/Town/Prefabs/Furniture_tablecloth_small.prefab
  artifactKey: Guid(ea4f3b07c0efeb24ca3ef28e4e64fcdc) Importer(815301076,1909f56bfc062723c751e8b465ee728b)
Start importing Assets/FantasyEnvironments/Environments/Town/Prefabs/Furniture_tablecloth_small.prefab using Guid(ea4f3b07c0efeb24ca3ef28e4e64fcdc) Importer(815301076,1909f56bfc062723c751e8b465ee728b)  -> (artifact id: '801222e0eb198084def4cbe91b6cd2da') in 0.017463 seconds 
========================================================================
Received Import Request.
  Time since last request: 0.000022 seconds.
  path: Assets/FantasyEnvironments/Environments/Town/Prefabs/cart4.prefab
  artifactKey: Guid(0edbfd697bd8266428ec1d0eddf36e5f) Importer(815301076,1909f56bfc062723c751e8b465ee728b)
Start importing Assets/FantasyEnvironments/Environments/Town/Prefabs/cart4.prefab using Guid(0edbfd697bd8266428ec1d0eddf36e5f) Importer(815301076,1909f56bfc062723c751e8b465ee728b)  -> (artifact id: '14c854c85110bbbfe712cf1ffb5332cd') in 0.013437 seconds 
========================================================================
Received Import Request.
  Time since last request: 0.000026 seconds.
  path: Assets/FantasyEnvironments/Environments/Town/Prefabs/Food_fish.prefab
  artifactKey: Guid(d668028e8b0f12c498c623a6a33ac362) Importer(815301076,1909f56bfc062723c751e8b465ee728b)
Start importing Assets/FantasyEnvironments/Environments/Town/Prefabs/Food_fish.prefab using Guid(d668028e8b0f12c498c623a6a33ac362) Importer(815301076,1909f56bfc062723c751e8b465ee728b)  -> (artifact id: '7e1dd81136d0f33e726e392e628f0538') in 0.012535 seconds 
========================================================================
Received Import Request.
  Time since last request: 0.000020 seconds.
  path: Assets/FantasyEnvironments/Environments/Town/Prefabs/Furniture_scrolls.prefab
  artifactKey: Guid(73cf5aad55823ba4bb9a9dcfc994360a) Importer(815301076,1909f56bfc062723c751e8b465ee728b)
Start importing Assets/FantasyEnvironments/Environments/Town/Prefabs/Furniture_scrolls.prefab using Guid(73cf5aad55823ba4bb9a9dcfc994360a) Importer(815301076,1909f56bfc062723c751e8b465ee728b)  -> (artifact id: '56d1069464d15be27a011d42761ce620') in 0.014147 seconds 
========================================================================
Received Import Request.
  Time since last request: 0.000024 seconds.
  path: Assets/FantasyEnvironments/Environments/Town/Prefabs/Furniture_cupboard1.prefab
  artifactKey: Guid(b5c3592c56825e9468618db93beb96d7) Importer(815301076,1909f56bfc062723c751e8b465ee728b)
Start importing Assets/FantasyEnvironments/Environments/Town/Prefabs/Furniture_cupboard1.prefab using Guid(b5c3592c56825e9468618db93beb96d7) Importer(815301076,1909f56bfc062723c751e8b465ee728b)  -> (artifact id: '49e2ccf83854964bd079f7fd2eb74100') in 0.013211 seconds 
========================================================================
Received Import Request.
  Time since last request: 0.000019 seconds.
  path: Assets/FantasyEnvironments/Environments/Town/Prefabs/storage_bag_carrot.prefab
  artifactKey: Guid(03bca772ee40d4a48ab8fabe3d662126) Importer(815301076,1909f56bfc062723c751e8b465ee728b)
Start importing Assets/FantasyEnvironments/Environments/Town/Prefabs/storage_bag_carrot.prefab using Guid(03bca772ee40d4a48ab8fabe3d662126) Importer(815301076,1909f56bfc062723c751e8b465ee728b)  -> (artifact id: 'a81a0656cc1df4ba5521c17fffe3e890') in 0.014549 seconds 
========================================================================
Received Import Request.
  Time since last request: 0.000029 seconds.
  path: Assets/FantasyEnvironments/Environments/Town/Prefabs/storage_basket.prefab
  artifactKey: Guid(11606f16466dd6243ad5d3f80932bb0a) Importer(815301076,1909f56bfc062723c751e8b465ee728b)
Start importing Assets/FantasyEnvironments/Environments/Town/Prefabs/storage_basket.prefab using Guid(11606f16466dd6243ad5d3f80932bb0a) Importer(815301076,1909f56bfc062723c751e8b465ee728b)  -> (artifact id: '3b71dbb40799599eddafc1d58df8d94e') in 0.013581 seconds 
========================================================================
Received Import Request.
  Time since last request: 0.000023 seconds.
  path: Assets/FantasyEnvironments/Environments/Town/Prefabs/Furniture_elixir2.prefab
  artifactKey: Guid(ec98e7d8c9e19ac469448b6654f0a782) Importer(815301076,1909f56bfc062723c751e8b465ee728b)
Start importing Assets/FantasyEnvironments/Environments/Town/Prefabs/Furniture_elixir2.prefab using Guid(ec98e7d8c9e19ac469448b6654f0a782) Importer(815301076,1909f56bfc062723c751e8b465ee728b)  -> (artifact id: '3b3c3bd12a753a855a98683347eed0be') in 0.013485 seconds 
========================================================================
Received Import Request.
  Time since last request: 0.000016 seconds.
  path: Assets/FantasyEnvironments/Environments/Town/Prefabs/storage_barrel_small.prefab
  artifactKey: Guid(9839330e3d5bae14a934399cb98a74ee) Importer(815301076,1909f56bfc062723c751e8b465ee728b)
Start importing Assets/FantasyEnvironments/Environments/Town/Prefabs/storage_barrel_small.prefab using Guid(9839330e3d5bae14a934399cb98a74ee) Importer(815301076,1909f56bfc062723c751e8b465ee728b)  -> (artifact id: '9f45b1af1edeff7c279479f59314ee28') in 0.011941 seconds 
========================================================================
Received Import Request.
  Time since last request: 0.000017 seconds.
  path: Assets/FantasyEnvironments/Environments/Town/Prefabs/House2.prefab
  artifactKey: Guid(aa91054e6f5bee946ba66c9a32a3a5b9) Importer(815301076,1909f56bfc062723c751e8b465ee728b)
Start importing Assets/FantasyEnvironments/Environments/Town/Prefabs/House2.prefab using Guid(aa91054e6f5bee946ba66c9a32a3a5b9) Importer(815301076,1909f56bfc062723c751e8b465ee728b)  -> (artifact id: 'ff6710237fc2f218b4e6fd231903f441') in 0.014666 seconds 
========================================================================
Received Import Request.
  Time since last request: 0.000038 seconds.
  path: Assets/FantasyEnvironments/Environments/Town/Prefabs/Furniture_cupboard2.prefab
  artifactKey: Guid(f5da0f5d225da7645be765ddffbcb0c6) Importer(815301076,1909f56bfc062723c751e8b465ee728b)
Start importing Assets/FantasyEnvironments/Environments/Town/Prefabs/Furniture_cupboard2.prefab using Guid(f5da0f5d225da7645be765ddffbcb0c6) Importer(815301076,1909f56bfc062723c751e8b465ee728b)  -> (artifact id: 'eadac223d9fa0c8dfcf4ca210a284803') in 0.011846 seconds 
========================================================================
Received Import Request.
  Time since last request: 0.000026 seconds.
  path: Assets/FantasyEnvironments/Environments/Town/Prefabs/Furniture_elixir3.prefab
  artifactKey: Guid(789d37e00975295428b2c0a115bb1294) Importer(815301076,1909f56bfc062723c751e8b465ee728b)
Start importing Assets/FantasyEnvironments/Environments/Town/Prefabs/Furniture_elixir3.prefab using Guid(789d37e00975295428b2c0a115bb1294) Importer(815301076,1909f56bfc062723c751e8b465ee728b)  -> (artifact id: '0efcf00df99b76393cba899e0a3b55b0') in 0.012650 seconds 
========================================================================
Received Import Request.
  Time since last request: 0.000016 seconds.
  path: Assets/FantasyEnvironments/Environments/Town/Prefabs/Food_cup3.prefab
  artifactKey: Guid(72ee67964857e29498b6717984dd43cd) Importer(815301076,1909f56bfc062723c751e8b465ee728b)
Start importing Assets/FantasyEnvironments/Environments/Town/Prefabs/Food_cup3.prefab using Guid(72ee67964857e29498b6717984dd43cd) Importer(815301076,1909f56bfc062723c751e8b465ee728b)  -> (artifact id: '7602bfcc815e175b6c491133b8c8dfc1') in 0.013174 seconds 
========================================================================
Received Import Request.
  Time since last request: 0.000021 seconds.
  path: Assets/FantasyEnvironments/Environments/Town/Prefabs/Furniture_table.prefab
  artifactKey: Guid(38ad5a2f65eba0845aa5440b825b5eb2) Importer(815301076,1909f56bfc062723c751e8b465ee728b)
Start importing Assets/FantasyEnvironments/Environments/Town/Prefabs/Furniture_table.prefab using Guid(38ad5a2f65eba0845aa5440b825b5eb2) Importer(815301076,1909f56bfc062723c751e8b465ee728b)  -> (artifact id: 'e47371a18abd19da79c0cd54d94713a1') in 0.012406 seconds 
========================================================================
Received Import Request.
  Time since last request: 0.000022 seconds.
  path: Assets/FantasyEnvironments/Environments/Town/Prefabs/cart3.prefab
  artifactKey: Guid(70b6d0c9364cc7a498b08b095cf258ba) Importer(815301076,1909f56bfc062723c751e8b465ee728b)
Start importing Assets/FantasyEnvironments/Environments/Town/Prefabs/cart3.prefab using Guid(70b6d0c9364cc7a498b08b095cf258ba) Importer(815301076,1909f56bfc062723c751e8b465ee728b)  -> (artifact id: 'd87e9c27297a91c747aaf20edf95c06c') in 0.012716 seconds 
========================================================================
Received Import Request.
  Time since last request: 0.000017 seconds.
  path: Assets/FantasyEnvironments/Environments/Town/Prefabs/Tavern_doorR.prefab
  artifactKey: Guid(63c15379ba98d1349931cc354f5ae6d8) Importer(815301076,1909f56bfc062723c751e8b465ee728b)
Start importing Assets/FantasyEnvironments/Environments/Town/Prefabs/Tavern_doorR.prefab using Guid(63c15379ba98d1349931cc354f5ae6d8) Importer(815301076,1909f56bfc062723c751e8b465ee728b)  -> (artifact id: 'd8da8471f6bdfff051c2fd57a23347b8') in 0.015701 seconds 
========================================================================
Received Import Request.
  Time since last request: 0.000021 seconds.
  path: Assets/FantasyEnvironments/Environments/Town/Prefabs/storage_bag.prefab
  artifactKey: Guid(8379f308d5dcffd4ab2f3ee5959a1076) Importer(815301076,1909f56bfc062723c751e8b465ee728b)
Start importing Assets/FantasyEnvironments/Environments/Town/Prefabs/storage_bag.prefab using Guid(8379f308d5dcffd4ab2f3ee5959a1076) Importer(815301076,1909f56bfc062723c751e8b465ee728b)  -> (artifact id: '6f780aff601e554dc887cd5ccc076323') in 0.012311 seconds 
========================================================================
Received Import Request.
  Time since last request: 0.000022 seconds.
  path: Assets/FantasyEnvironments/Environments/Town/Prefabs/Food_bottle6.prefab
  artifactKey: Guid(b6bdc8350ca1cf24f9b7e651e790e08b) Importer(815301076,1909f56bfc062723c751e8b465ee728b)
Start importing Assets/FantasyEnvironments/Environments/Town/Prefabs/Food_bottle6.prefab using Guid(b6bdc8350ca1cf24f9b7e651e790e08b) Importer(815301076,1909f56bfc062723c751e8b465ee728b)  -> (artifact id: '43dcfde31d8072c62e9e9b7422816051') in 0.012163 seconds 
========================================================================
Received Import Request.
  Time since last request: 0.000029 seconds.
  path: Assets/FantasyEnvironments/Environments/Town/Prefabs/Furniture_scroll.prefab
  artifactKey: Guid(77869ebfddd0f8047b4860ea9e5f241e) Importer(815301076,1909f56bfc062723c751e8b465ee728b)
Start importing Assets/FantasyEnvironments/Environments/Town/Prefabs/Furniture_scroll.prefab using Guid(77869ebfddd0f8047b4860ea9e5f241e) Importer(815301076,1909f56bfc062723c751e8b465ee728b)  -> (artifact id: 'bb0db45b9a357ab112cec7358cae75f2') in 0.012580 seconds 
========================================================================
Received Import Request.
  Time since last request: 0.000026 seconds.
  path: Assets/FantasyEnvironments/Environments/Town/Prefabs/storage_barrel.prefab
  artifactKey: Guid(3c3b0773e182ad847a706394ac5af117) Importer(815301076,1909f56bfc062723c751e8b465ee728b)
Start importing Assets/FantasyEnvironments/Environments/Town/Prefabs/storage_barrel.prefab using Guid(3c3b0773e182ad847a706394ac5af117) Importer(815301076,1909f56bfc062723c751e8b465ee728b)  -> (artifact id: 'ec945028d613a627c5595716f5259b50') in 0.012828 seconds 
========================================================================
Received Import Request.
  Time since last request: 0.000018 seconds.
  path: Assets/FantasyEnvironments/Environments/Town/Prefabs/storage_jug_small.prefab
  artifactKey: Guid(8ce6d858b0b6faf49a9aeb8265f3f5b4) Importer(815301076,1909f56bfc062723c751e8b465ee728b)
Start importing Assets/FantasyEnvironments/Environments/Town/Prefabs/storage_jug_small.prefab using Guid(8ce6d858b0b6faf49a9aeb8265f3f5b4) Importer(815301076,1909f56bfc062723c751e8b465ee728b)  -> (artifact id: '0aa53a5524008274a4a6cf5a6a33d8ea') in 0.011676 seconds 
========================================================================
Received Import Request.
  Time since last request: 2.900823 seconds.
  path: Assets/FantasyEnvironments/Environments/Town/Materials
  artifactKey: Guid(affd60b5c9d0c4c4382052bf5837ea43) Importer(815301076,1909f56bfc062723c751e8b465ee728b)
Start importing Assets/FantasyEnvironments/Environments/Town/Materials using Guid(affd60b5c9d0c4c4382052bf5837ea43) Importer(815301076,1909f56bfc062723c751e8b465ee728b)  -> (artifact id: '116e6ebfb5cf2021c066df0703849093') in 0.006437 seconds 
========================================================================
Received Import Request.
  Time since last request: 0.270046 seconds.
  path: Assets/FantasyEnvironments/Environments/Town/Materials/House1.mat
  artifactKey: Guid(7079159efc7c3b84aa002fbf9d6a53d9) Importer(815301076,1909f56bfc062723c751e8b465ee728b)
Start importing Assets/FantasyEnvironments/Environments/Town/Materials/House1.mat using Guid(7079159efc7c3b84aa002fbf9d6a53d9) Importer(815301076,1909f56bfc062723c751e8b465ee728b)  -> (artifact id: 'acc4aacd46a9c716cf491464b79ac0d1') in 0.016535 seconds 
========================================================================
Received Import Request.
  Time since last request: 0.000016 seconds.
  path: Assets/FantasyEnvironments/Environments/Town/Materials/Windmill.mat
  artifactKey: Guid(d57212d80a4b4a340afc953d8e5bb324) Importer(815301076,1909f56bfc062723c751e8b465ee728b)
Start importing Assets/FantasyEnvironments/Environments/Town/Materials/Windmill.mat using Guid(d57212d80a4b4a340afc953d8e5bb324) Importer(815301076,1909f56bfc062723c751e8b465ee728b)  -> (artifact id: 'ee94558279c9d341fe2174e402d7a87a') in 0.031396 seconds 
========================================================================
Received Import Request.
  Time since last request: 0.000021 seconds.
  path: Assets/FantasyEnvironments/Environments/Town/Materials/Storage.mat
  artifactKey: Guid(c787df8872815a9409da38ff612f94b8) Importer(815301076,1909f56bfc062723c751e8b465ee728b)
Start importing Assets/FantasyEnvironments/Environments/Town/Materials/Storage.mat using Guid(c787df8872815a9409da38ff612f94b8) Importer(815301076,1909f56bfc062723c751e8b465ee728b)  -> (artifact id: 'ccd55eb25959fb46efd6054521b70ac9') in 0.036570 seconds 
========================================================================
Received Import Request.
  Time since last request: 0.000031 seconds.
  path: Assets/FantasyEnvironments/Environments/Town/Materials/WoodenWall.mat
  artifactKey: Guid(aee3cf6e130992a45ab094b3cd45a26d) Importer(815301076,1909f56bfc062723c751e8b465ee728b)
Start importing Assets/FantasyEnvironments/Environments/Town/Materials/WoodenWall.mat using Guid(aee3cf6e130992a45ab094b3cd45a26d) Importer(815301076,1909f56bfc062723c751e8b465ee728b)  -> (artifact id: 'b0a97f9a621244914949358843afe0c8') in 0.021124 seconds 
========================================================================
Received Import Request.
  Time since last request: 0.000017 seconds.
  path: Assets/FantasyEnvironments/Environments/Town/Materials/Wall1.mat
  artifactKey: Guid(2df1224228c2d384b87b78ed80cca5fc) Importer(815301076,1909f56bfc062723c751e8b465ee728b)
Start importing Assets/FantasyEnvironments/Environments/Town/Materials/Wall1.mat using Guid(2df1224228c2d384b87b78ed80cca5fc) Importer(815301076,1909f56bfc062723c751e8b465ee728b)  -> (artifact id: '35ef117cc91e724a2c2ed9c62c0b99ee') in 0.013286 seconds 
========================================================================
Received Import Request.
  Time since last request: 20.665416 seconds.
  path: Assets/FantasyEnvironments/Environments/Town/Textures/Food.png
  artifactKey: Guid(63acb958ae4007d45b15cca327965996) Importer(815301076,1909f56bfc062723c751e8b465ee728b)
Start importing Assets/FantasyEnvironments/Environments/Town/Textures/Food.png using Guid(63acb958ae4007d45b15cca327965996) Importer(815301076,1909f56bfc062723c751e8b465ee728b)  -> (artifact id: '334e108b62f3f297ecb61d9a845054be') in 0.014596 seconds 
========================================================================
Received Import Request.
  Time since last request: 0.000022 seconds.
  path: Assets/FantasyEnvironments/Environments/Town/Textures/Tavern_interior.png
  artifactKey: Guid(a7b1aab1bbac0b84aa3066a2af17594d) Importer(815301076,1909f56bfc062723c751e8b465ee728b)
Start importing Assets/FantasyEnvironments/Environments/Town/Textures/Tavern_interior.png using Guid(a7b1aab1bbac0b84aa3066a2af17594d) Importer(815301076,1909f56bfc062723c751e8b465ee728b)  -> (artifact id: '06423bd9c10bf039c87748dbf39532f7') in 0.010851 seconds 
========================================================================
Received Import Request.
  Time since last request: 0.000021 seconds.
  path: Assets/FantasyEnvironments/Environments/Town/Textures/WoodenWall.png
  artifactKey: Guid(0495185e035d28e4a92f01ac9cf57692) Importer(815301076,1909f56bfc062723c751e8b465ee728b)
Start importing Assets/FantasyEnvironments/Environments/Town/Textures/WoodenWall.png using Guid(0495185e035d28e4a92f01ac9cf57692) Importer(815301076,1909f56bfc062723c751e8b465ee728b)  -> (artifact id: '534cdaac198e66a5348add3b6818e58a') in 0.010641 seconds 
========================================================================
Received Import Request.
  Time since last request: 0.000020 seconds.
  path: Assets/FantasyEnvironments/Environments/Town/Textures/Wall1.png
  artifactKey: Guid(f368627dbf4c8b644827642c33a47f0b) Importer(815301076,1909f56bfc062723c751e8b465ee728b)
Start importing Assets/FantasyEnvironments/Environments/Town/Textures/Wall1.png using Guid(f368627dbf4c8b644827642c33a47f0b) Importer(815301076,1909f56bfc062723c751e8b465ee728b)  -> (artifact id: '0e8ecb9743d8b8f6480df3a591782caa') in 0.011786 seconds 
========================================================================
Received Import Request.
  Time since last request: 0.000020 seconds.
  path: Assets/FantasyEnvironments/Environments/Town/Textures/Tavern_interior_emmision.png
  artifactKey: Guid(e52d5214838c4ca468ca6e4bc50ff825) Importer(815301076,1909f56bfc062723c751e8b465ee728b)
Start importing Assets/FantasyEnvironments/Environments/Town/Textures/Tavern_interior_emmision.png using Guid(e52d5214838c4ca468ca6e4bc50ff825) Importer(815301076,1909f56bfc062723c751e8b465ee728b)  -> (artifact id: '03f85cae3d87c5ac530e655aa6fd8d5e') in 0.012115 seconds 
========================================================================
Received Import Request.
  Time since last request: 5.205733 seconds.
  path: Assets/FantasyEnvironments/Environments/Ambient-Occlusion-Trees/Materials/Birch_leaves.mat
  artifactKey: Guid(6b7cbd10b1b54624aad174204ed5e57d) Importer(815301076,1909f56bfc062723c751e8b465ee728b)
Start importing Assets/FantasyEnvironments/Environments/Ambient-Occlusion-Trees/Materials/Birch_leaves.mat using Guid(6b7cbd10b1b54624aad174204ed5e57d) Importer(815301076,1909f56bfc062723c751e8b465ee728b)  -> (artifact id: 'f28bd9d3be6c36bf260b5401616e633b') in 0.020593 seconds 
========================================================================
Received Import Request.
  Time since last request: 0.000016 seconds.
  path: Assets/FantasyEnvironments/Environments/Ambient-Occlusion-Trees/Materials/Tree_leaves1.mat
  artifactKey: Guid(20b507e5fd20b2b479f55c0bb448cfb2) Importer(815301076,1909f56bfc062723c751e8b465ee728b)
Start importing Assets/FantasyEnvironments/Environments/Ambient-Occlusion-Trees/Materials/Tree_leaves1.mat using Guid(20b507e5fd20b2b479f55c0bb448cfb2) Importer(815301076,1909f56bfc062723c751e8b465ee728b)  -> (artifact id: '3f0470626515d691dd8e9188431b68f9') in 0.033017 seconds 
========================================================================
Received Import Request.
  Time since last request: 0.000020 seconds.
  path: Assets/FantasyEnvironments/Environments/Ambient-Occlusion-Trees/Materials/Tree_leaves2.mat
  artifactKey: Guid(2615ae633195cad438e2b96b394e2f5e) Importer(815301076,1909f56bfc062723c751e8b465ee728b)
Start importing Assets/FantasyEnvironments/Environments/Ambient-Occlusion-Trees/Materials/Tree_leaves2.mat using Guid(2615ae633195cad438e2b96b394e2f5e) Importer(815301076,1909f56bfc062723c751e8b465ee728b)  -> (artifact id: '86bc218f6ef621053e5f3258063c539c') in 0.036501 seconds 
========================================================================
Received Import Request.
  Time since last request: 0.000016 seconds.
  path: Assets/FantasyEnvironments/Environments/Ambient-Occlusion-Trees/Materials/Willow_bark.mat
  artifactKey: Guid(d3ad70c162b894b41bcc1221fac9a976) Importer(815301076,1909f56bfc062723c751e8b465ee728b)
Start importing Assets/FantasyEnvironments/Environments/Ambient-Occlusion-Trees/Materials/Willow_bark.mat using Guid(d3ad70c162b894b41bcc1221fac9a976) Importer(815301076,1909f56bfc062723c751e8b465ee728b)  -> (artifact id: '4a2a39a7279e52050dd41259cfcb8653') in 0.039903 seconds 
========================================================================
Received Import Request.
  Time since last request: 0.000019 seconds.
  path: Assets/FantasyEnvironments/Environments/Ambient-Occlusion-Trees/Materials/Pine_leaves.mat
  artifactKey: Guid(b09e7c2aeb26bb84cbfa0586ec3c5bbb) Importer(815301076,1909f56bfc062723c751e8b465ee728b)
Start importing Assets/FantasyEnvironments/Environments/Ambient-Occlusion-Trees/Materials/Pine_leaves.mat using Guid(b09e7c2aeb26bb84cbfa0586ec3c5bbb) Importer(815301076,1909f56bfc062723c751e8b465ee728b)  -> (artifact id: 'c7bcc7f662de69cab7d1ccff3085308f') in 0.048242 seconds 
Editor requested this worker to shutdown with reason: Scaling down because of idle timeout
AssetImportWorker is now disconnected from the server
Process exiting
Exiting without the bug reporter. Application will terminate with return code 0